"../../../Engine/Content/EditorBlueprintResources/StandardMacros.uasset" 0
"../../../PrinceOfUnreal/Content/Blueprints/SpriteComponent.uasset" 1
"../../../PrinceOfUnreal/Content/Blueprints/GenericBrick.uasset" 2
"../../../PrinceOfUnreal/Content/Props/Textures/Dungeon/_Back_pillar_border3.uasset" 3
"../../../PrinceOfUnreal/Content/Props/Sprites/Dungeon/_Back_pillar_border3_Sprite.uasset" 4
"../../../PrinceOfUnreal/Content/Props/Textures/Dungeon/_Back_pillar_no_border2.uasset" 5
"../../../PrinceOfUnreal/Content/Props/Sprites/Dungeon/_Back_pillar_no_border2_Sprite.uasset" 6
"../../../PrinceOfUnreal/Content/Props/Textures/Dungeon/_Back_pillar_no_border3.uasset" 7
"../../../PrinceOfUnreal/Content/Props/Sprites/Dungeon/_Back_pillar_no_border3_Sprite.uasset" 8
"../../../PrinceOfUnreal/Content/Props/Textures/Dungeon/_Front_pillar.uasset" 9
"../../../PrinceOfUnreal/Content/Props/Sprites/Dungeon/_Front_pillar_Sprite.uasset" 10
"../../../PrinceOfUnreal/Content/Props/Blueprints/PillarsBrick.uasset" 11
"../../../PrinceOfUnreal/Content/Props/Textures/Dungeon/_Cutwall_3_resized.uasset" 12
"../../../PrinceOfUnreal/Content/Props/Sprites/Dungeon/_Cutwall_3_resized_Sprite.uasset" 13
"../../../PrinceOfUnreal/Content/Props/Textures/Dungeon/_Ground_border_no_wall_3_resized.uasset" 14
"../../../PrinceOfUnreal/Content/Props/Sprites/Dungeon/_Ground_border_no_wall_3_resized_Sprite.uasset" 15
"../../../PrinceOfUnreal/Content/Props/Textures/Dungeon/_Ground_no_border_3_resized.uasset" 16
"../../../PrinceOfUnreal/Content/Props/Sprites/Dungeon/_Ground_no_border_3_resized_Sprite.uasset" 17
"../../../PrinceOfUnreal/Content/Props/Textures/Dungeon/_Wall_2_resized.uasset" 18
"../../../PrinceOfUnreal/Content/Props/Sprites/Dungeon/_Wall_2_resized_Sprite.uasset" 19
"../../../PrinceOfUnreal/Content/Props/Blueprints/WallBrick.uasset" 20
"../../../PrinceOfUnreal/Content/Levels/TrainingLevel.umap" 21
"../../../Engine/Content/EngineFonts/Roboto.uasset" 22
"../../../Engine/Content/Functions/Engine_MaterialFunctions01/Shading/PowerToRoughness.uasset" 23
"../../../Engine/Content/EngineMaterials/DefaultDiffuse.uasset" 24
"../../../Engine/Content/EngineMaterials/DefaultDeferredDecalMaterial.uasset" 25
"../../../Engine/Content/EngineMaterials/DefaultLightFunctionMaterial.uasset" 26
"../../../Engine/Content/Functions/Engine_MaterialFunctions02/Utility/BreakOutFloat2Components.uasset" 27
"../../../Engine/Content/EngineMaterials/DefaultPostProcessMaterial.uasset" 28
"../../../Engine/Content/EngineResources/DefaultTexture.uasset" 29
"../../../Engine/Content/Functions/Engine_MaterialFunctions02/Texturing/ScreenAlignedUVs.uasset" 30
"../../../Engine/Content/EngineResources/WhiteSquareTexture.uasset" 31
"../../../Engine/Content/EngineMaterials/Widget3DPassThrough.uasset" 32
"../../../Engine/Content/EngineMaterials/Widget3DPassThrough_Translucent.uasset" 33
"../../../Engine/Content/EngineMaterials/Widget3DPassThrough_Translucent_OneSided.uasset" 34
"../../../Engine/Content/EngineMaterials/Widget3DPassThrough_Opaque.uasset" 35
"../../../Engine/Content/EngineMaterials/Widget3DPassThrough_Opaque_OneSided.uasset" 36
"../../../Engine/Content/EngineMaterials/Widget3DPassThrough_Masked.uasset" 37
"../../../Engine/Content/EngineMaterials/Widget3DPassThrough_Masked_OneSided.uasset" 38
"../../../Engine/Content/EditorResources/S_Actor.uasset" 39
"../../../Engine/Content/EditorResources/S_Emitter.uasset" 40
"../../../Engine/Content/EditorResources/Bad.uasset" 41
"../../../Engine/Content/EditorResources/Bkgnd.uasset" 42
"../../../Engine/Content/EditorResources/BkgndHi.uasset" 43
"../../../Engine/Content/EditorMeshes/EditorCube.uasset" 44
"../../../Engine/Content/EditorMeshes/EditorSphere.uasset" 45
"../../../Engine/Content/EditorMeshes/EditorPlane.uasset" 46
"../../../Engine/Content/EditorMeshes/EditorCylinder.uasset" 47
"../../../Engine/Content/Maps/Templates/Thumbnails/Default.uasset" 48
"../../../Engine/Content/EditorMaterials/Thumbnails/SkySphereMaterial.uasset" 49
"../../../Engine/Content/EditorMeshes/EditorSkySphere.uasset" 50
"../../../Engine/Content/EngineMaterials/Grid.uasset" 51
"../../../Engine/Content/EditorMaterials/Thumbnails/FloorPlaneMaterial.uasset" 52
"../../../Engine/Content/MapTemplates/Sky/DaylightAmbientCubemap.uasset" 53
"../../../Engine/Content/EditorMaterials/ParticleSystems/PSysThumbnail_NoImage.uasset" 54
"../../../Engine/Content/EditorMaterials/ParticleSystems/PSysThumbnail_OOD.uasset" 55
"../../../Engine/Content/EditorResources/S_DecalActorIcon.uasset" 56
"../../../Engine/Content/EditorLandscapeResources/LandscapeGizmo_Mat.uasset" 57
"../../../Engine/Content/EditorLandscapeResources/LandscapeGizmo_Mat_Copied.uasset" 58
"../../../Engine/Content/EditorLandscapeResources/LandscapeGizmoHeight_Mat.uasset" 59
"../../../Engine/Content/EditorLandscapeResources/DataLayer.uasset" 60
"../../../Engine/Content/EditorResources/S_Terrain.uasset" 61
"../../../Engine/Content/EditorLandscapeResources/SplineEditorMeshMat.uasset" 62
"../../../Engine/Content/EditorLandscapeResources/SplineEditorMesh.uasset" 63
"../../../Engine/Content/EditorResources/MatineeCam_D.uasset" 64
"../../../Engine/Content/EditorMaterials/MatineeCam_mat.uasset" 65
"../../../Engine/Content/EditorMeshes/MatineeCam_SM.uasset" 66
"../../../Engine/Content/Functions/Engine_MaterialFunctions02/Utility/Sign.uasset" 67
"../../../Engine/Content/Functions/Engine_MaterialFunctions02/Utility/Round.uasset" 68
"../../../Engine/Content/Functions/Engine_MaterialFunctions02/ExampleContent/Textures/flipbook.uasset" 69
"../../../Engine/Content/Functions/Engine_MaterialFunctions02/Texturing/FlipBook.uasset" 70
"../../../Engine/Content/EditorResources/T_EditorHelp.uasset" 71
"../../../Engine/Content/EditorMaterials/HelpActorMaterial.uasset" 72
"../../../Engine/Content/EditorResources/S_ExpoHeightFog.uasset" 73
"../../../Engine/Content/EditorResources/S_NavP.uasset" 74
"../../../Engine/Content/EditorResources/S_Player.uasset" 75
"../../../Engine/Content/EditorResources/LightIcons/SkyLight.uasset" 76
"../../../Engine/Content/EditorResources/S_WindDirectional.uasset" 77
"../../../Engine/Content/EngineDamageTypes/DmgTypeBP_Environmental.uasset" 78
"../../../Engine/Content/EditorResources/LightIcons/S_LightDirectional.uasset" 79
"../../../Engine/Content/EditorResources/LightIcons/S_LightDirectionalMove.uasset" 80
"../../../Engine/Content/EditorResources/LightIcons/S_LightPoint.uasset" 81
"../../../Engine/Content/EditorResources/LightIcons/S_LightPointMove.uasset" 82
"../../../Engine/Content/EditorResources/LightIcons/S_LightSpot.uasset" 83
"../../../Engine/Content/EditorResources/LightIcons/S_LightSpotMove.uasset" 84
"../../../Engine/Content/EditorResources/MatInstActSprite.uasset" 85
"../../../Engine/Content/EditorResources/SceneManager.uasset" 86
"../../../Engine/Content/EditorResources/AI/S_NavLink.uasset" 87
"../../../Engine/Content/EditorResources/S_Note.uasset" 88
"../../../Engine/Content/EngineMeshes/Sphere.uasset" 89
"../../../Engine/Content/EditorResources/S_ReflActorIcon.uasset" 90
"../../../Engine/Content/EditorResources/S_Thruster.uasset" 91
"../../../Engine/Content/EditorResources/S_RadForce.uasset" 92
"../../../Engine/Content/EditorMaterials/TargetIcon.uasset" 93
"../../../Engine/Content/EngineFonts/RobotoDistanceField.uasset" 94
"../../../Engine/Content/EngineMaterials/DefaultTextMaterialOpaque.uasset" 95
"../../../Engine/Content/EditorResources/S_TextRenderActorIcon.uasset" 96
"../../../Engine/Content/EditorResources/S_Trigger.uasset" 97
"../../../Engine/Content/EditorResources/S_VectorFieldVol.uasset" 98
"../../../Engine/Content/EngineResources/GradientTexture0.uasset" 99
"../../../Engine/Content/EngineResources/Black.uasset" 100
"../../../Engine/Content/EditorMaterials/MatineeGroups/MAT_Groups_Float.uasset" 101
"../../../Engine/Content/EditorMaterials/MatineeGroups/MAT_Groups_Director.uasset" 102
"../../../Engine/Content/EditorMaterials/MatineeGroups/MAT_Groups_Event.uasset" 103
"../../../Engine/Content/EditorMaterials/MatineeGroups/MAT_Groups_Anim.uasset" 104
"../../../Engine/Content/EditorMaterials/MatineeGroups/MAT_Groups_Fade.uasset" 105
"../../../Engine/Content/EditorMaterials/MatineeGroups/MAT_Groups_Move.uasset" 106
"../../../Engine/Content/EditorMaterials/MatineeGroups/MAT_Groups_Slomo.uasset" 107
"../../../Engine/Content/EditorMaterials/MatineeGroups/MAT_ColorTrack.uasset" 108
"../../../Engine/Content/EditorMaterials/MAT_Groups_Toggle.uasset" 109
"../../../Engine/Content/EditorMaterials/MatineeGroups/MAT_Groups_AudioMaster.uasset" 110
"../../../Engine/Content/EditorMaterials/MatineeGroups/MAT_Groups_Sound.uasset" 111
"../../../Engine/Content/EditorMaterials/MatineeGroups/MAT_Groups_Vector.uasset" 112
"../../../Engine/Content/EditorMaterials/MAT_Groups_Visibility.uasset" 113
"../../../Engine/Content/EngineResources/DefaultTextureCube.uasset" 114
"../../../Engine/Content/Functions/Engine_MaterialFunctions01/Opacity/CameraDepthFade.uasset" 115
"../../../Engine/Content/EngineMaterials/T_Default_Material_Grid_M.uasset" 116
"../../../Engine/Content/EngineMaterials/T_Default_Material_Grid_N.uasset" 117
"../../../Engine/Content/EngineMaterials/DefaultMaterial.uasset" 118
"../../../Engine/Content/EngineMeshes/Cylinder.uasset" 119
"../../../Engine/Content/EngineTireTypes/DefaultTireType.uasset" 120
"../../../Engine/Content/EditorResources/S_FTest.uasset" 121
"../../../Engine/Content/EngineResources/AICON-Red.uasset" 122
"../../../Engine/Content/EngineResources/AICON-Green.uasset" 123
"../../../Engine/Plugins/2D/Paper2D/Content/PlaceholderTextures/DummySpriteTexture.uasset" 124
"../../../Engine/Plugins/2D/Paper2D/Content/DefaultSpriteMaterial.uasset" 125
"../../../Engine/Plugins/2D/Paper2D/Content/MaskedUnlitSpriteMaterial.uasset" 126
"../../../Engine/Plugins/2D/Paper2D/Content/OpaqueUnlitSpriteMaterial.uasset" 127
"../../../Engine/Plugins/2D/Paper2D/Content/DummySprite.uasset" 128
"../../../Engine/Plugins/2D/Paper2D/Content/DefaultPaperTerrainMaterial.uasset" 129
"../../../Engine/Content/EditorSounds/Notifications/CompileSuccess.uasset" 130
"../../../Engine/Content/EditorSounds/Notifications/CompileStart_Cue.uasset" 131
"../../../Engine/Content/EditorSounds/Notifications/CompileSuccess_Cue.uasset" 132
"../../../Engine/Content/EditorSounds/Notifications/CompileFailed.uasset" 133
"../../../Engine/Content/EditorSounds/Notifications/CompileFailed_Cue.uasset" 134
"../../../Engine/Content/BufferVisualization/BaseColor.uasset" 135
"../../../Engine/Content/BufferVisualization/CustomDepth.uasset" 136
"../../../Engine/Content/Functions/Engine_MaterialFunctions02/Utility/MakeFloat2.uasset" 137
"../../../Engine/Content/Functions/Engine_MaterialFunctions02/Utility/MakeFloat3.uasset" 138
"../../../Engine/Content/EngineMaterials/MiniFont.uasset" 139
"../../../Engine/Content/BufferVisualization/CustomStencil.uasset" 140
"../../../Engine/Content/BufferVisualization/DecalMask.uasset" 141
"../../../Engine/Content/BufferVisualization/FinalImage.uasset" 142
"../../../Engine/Content/BufferVisualization/LightingModel.uasset" 143
"../../../Engine/Content/BufferVisualization/MaterialAO.uasset" 144
"../../../Engine/Content/BufferVisualization/Metallic.uasset" 145
"../../../Engine/Content/BufferVisualization/Opacity.uasset" 146
"../../../Engine/Content/BufferVisualization/Roughness.uasset" 147
"../../../Engine/Content/BufferVisualization/SceneColor.uasset" 148
"../../../Engine/Content/BufferVisualization/SceneDepth.uasset" 149
"../../../Engine/Content/BufferVisualization/SeparateTranslucencyRGB.uasset" 150
"../../../Engine/Content/BufferVisualization/SeparateTranslucencyA.uasset" 151
"../../../Engine/Content/BufferVisualization/Specular.uasset" 152
"../../../Engine/Content/BufferVisualization/SubsurfaceColor.uasset" 153
"../../../Engine/Content/BufferVisualization/WorldNormal.uasset" 154
"../../../Engine/Content/EngineMaterials/DefaultPhysicalMaterial.uasset" 155
"../../../Engine/Content/BufferVisualization/AmbientOcclusion.uasset" 156
"../../../Engine/Content/Functions/Engine_MaterialFunctions02/Utility/VectorLength.uasset" 157
"../../../Engine/Content/BufferVisualization/CustomDepthWorldUnits.uasset" 158
"../../../Engine/Content/BufferVisualization/SceneDepthWorldUnits.uasset" 159
"../../../Engine/Plugins/Runtime/LeapMotionController/Content/LM_CapsuleMesh.uasset" 160
"../../../Engine/Plugins/Runtime/LeapMotionController/Content/LM_TorusMesh.uasset" 161
"../../../Engine/Plugins/Runtime/LeapMotionController/Content/LM_HandColor.uasset" 162
"../../../Engine/Plugins/Runtime/LeapMotionController/Content/LM_SampleDistortion.uasset" 163
"../../../Engine/Plugins/Runtime/LeapMotionController/Content/LM_TestTexture.uasset" 164
"../../../Engine/Plugins/Runtime/LeapMotionController/Content/LM_PassthroughMaterial.uasset" 165
"../../../Engine/Content/EngineMaterials/WorldGridMaterial.uasset" 166
"../../../Engine/Content/BasicShapes/Cube.uasset" 167
"../../../Engine/Content/EngineMaterials/HighResolutionScreenshotMaskFunction.uasset" 168
"../../../Engine/Content/EngineMaterials/HighResScreenshot.uasset" 169
"../../../Engine/Content/EngineMaterials/HighResScreenshotMask.uasset" 170
"../../../Engine/Content/EngineMaterials/HighResScreenshotCaptureRegion.uasset" 171
"../../../Engine/Content/EngineDebugMaterials/WireframeMaterial.uasset" 172
"../../../Engine/Content/Functions/Engine_MaterialFunctions01/Shading/ConvertFromDiffSpec.uasset" 173
"../../../Engine/Content/EngineDebugMaterials/LevelColorationLitMaterial.uasset" 174
"../../../Engine/Content/EngineDebugMaterials/LevelColorationUnlitMaterial.uasset" 175
"../../../Engine/Content/EngineMaterials/DefaultWhiteGrid.uasset" 176
"../../../Engine/Content/EngineDebugMaterials/MAT_LevelColorationLitLightmapUV.uasset" 177
"../../../Engine/Content/EngineDebugMaterials/ShadedLevelColorationLitMaterial.uasset" 178
"../../../Engine/Content/EngineDebugMaterials/ShadedLevelColorationUnlitMateri.uasset" 179
"../../../Engine/Content/EngineDebugMaterials/VertexColorMaterial.uasset" 180
"../../../Engine/Content/EngineDebugMaterials/VertexColorViewMode_ColorOnly.uasset" 181
"../../../Engine/Content/EngineDebugMaterials/VertexColorViewMode_AlphaAsColor.uasset" 182
"../../../Engine/Content/EngineDebugMaterials/VertexColorViewMode_RedOnly.uasset" 183
"../../../Engine/Content/EngineDebugMaterials/VertexColorViewMode_GreenOnly.uasset" 184
"../../../Engine/Content/EngineDebugMaterials/VertexColorViewMode_BlueOnly.uasset" 185
"../../../Engine/Content/EngineMaterials/RemoveSurfaceMaterial.uasset" 186
"../../../Engine/Content/EngineDebugMaterials/DebugMeshMaterial.uasset" 187
"../../../Engine/Content/EngineMaterials/InvalidLightmapSettings.uasset" 188
"../../../Engine/Content/EngineMaterials/M_InvalidLightmapSettings.uasset" 189
"../../../Engine/Content/EditorMaterials/GizmoMaterial.uasset" 190
"../../../Engine/Content/EngineDebugMaterials/GeomMaterial.uasset" 191
"../../../Engine/Content/EngineMaterials/EditorBrushMaterial.uasset" 192
"../../../Engine/Content/EngineDebugMaterials/HeatmapGradient.uasset" 193
"../../../Engine/Content/EngineDebugMaterials/BoneWeightMaterial.uasset" 194
"../../../Engine/Content/EditorMaterials/PreviewShadowIndicator.uasset" 195
"../../../Engine/Content/EditorMaterials/PreviewShadowIndicatorMaterial.uasset" 196
"../../../Engine/Content/EditorMaterials/PhAT_JointLimitMaterial.uasset" 197
"../../../Engine/Content/EditorResources/BSPVertex.uasset" 198
"../../../Engine/Content/EngineMaterials/Good64x64TilingNoiseHighFreq.uasset" 199
"../../../Engine/Content/EngineMaterials/DefaultBokeh.uasset" 200
"../../../Engine/Content/EngineMaterials/PreintegratedSkinBRDF.uasset" 201
"../../../Engine/Content/EngineMaterials/WeightMapPlaceholderTexture.uasset" 202
"../../../Engine/Content/EngineFonts/RobotoTiny.uasset" 203
"../../../Engine/Content/Tutorial/Basics/TutorialAssets/icon_tab_Levels_40x.uasset" 204
"../../../Engine/Content/Tutorial/Basics/LevelEditorOverview.uasset" 205
"../../../Engine/Content/Tutorial/Basics/LevelEditorAttract.uasset" 206
"../../../Engine/Content/Tutorial/BlueprintTutorials/TutorialAssets/Blueprint_64x.uasset" 207
"../../../Engine/Content/Tutorial/BlueprintTutorials/BlueprintEditorTutorial.uasset" 208
"../../../Engine/Content/Tutorial/SubEditors/MaterialEditorTutorial.uasset" 209
"../../../Engine/Content/Tutorial/Paper2D/TutorialAssets/Paper2DSprite_TutorialIcon.uasset" 210
"../../../Engine/Content/Tutorial/Paper2D/SpriteEditorTutorial.uasset" 211
"../../../Engine/Content/Tutorial/ContentIntroCurve.uasset" 212
"../../../Engine/Content/EditorMaterials/Cross.uasset" 213
"../../../Engine/Content/EditorMaterials/Cross_Mat.uasset" 214
"../../../Engine/Content/EditorMaterials/PhAT_BoneSelectedMaterial.uasset" 215
"../../../Engine/Content/EditorMaterials/PhAT_ElemSelectedMaterial.uasset" 216
"../../../Engine/Content/EditorMaterials/PhAT_NoCollisionMaterial.uasset" 217
"../../../Engine/Content/EditorMaterials/PhAT_UnselectedMaterial.uasset" 218
"../../../Engine/Content/EditorMaterials/Tick.uasset" 219
"../../../Engine/Content/EditorMaterials/Tick_Mat.uasset" 220
"../../../Engine/Content/EditorMaterials/WidgetGridVertexColorMaterial.uasset" 221
"../../../Engine/Content/EditorMaterials/WidgetGridVertexColorMaterial_Ma.uasset" 222
"../../../Engine/Content/EditorMaterials/WidgetMaterial.uasset" 223
"../../../Engine/Content/EditorMaterials/WidgetMaterial_Current.uasset" 224
"../../../Engine/Content/EditorMaterials/WidgetMaterial_X.uasset" 225
"../../../Engine/Content/EditorMaterials/WidgetMaterial_Y.uasset" 226
"../../../Engine/Content/EditorMaterials/WidgetMaterial_Z.uasset" 227
"../../../Engine/Content/EditorMaterials/WidgetVertexColorMaterial.uasset" 228
"../../../Engine/Content/EditorMaterials/CompositeARGBLayer.uasset" 229
"../../../Engine/Content/EditorMaterials/TilingAALineIntegral.uasset" 230
"../../../Engine/Content/EditorMaterials/TilingAALineBoxFiltered.uasset" 231
"../../../Engine/Content/Functions/Engine_MaterialFunctions03/Procedurals/ComputeFilterWidth.uasset" 232
"../../../Engine/Content/EditorMaterials/TilingAADots.uasset" 233
"../../../Engine/Content/EditorMaterials/Cascade/CASC_Cross.uasset" 234
"../../../Engine/Content/EditorMaterials/Cascade/CASC_None.uasset" 235
"../../../Engine/Content/Functions/Engine_MaterialFunctions03/Blends/Blend_Screen.uasset" 236
"../../../Engine/Content/EditorMaterials/TilingAAGrid.uasset" 237
"../../../Engine/Content/EditorMaterials/LevelGridMaterial.uasset" 238
"../../../Engine/Content/EditorResources/SmallFont.uasset" 239
"../../../Engine/Content/EditorResources/S_KBSJoint.uasset" 240
"../../../Engine/Content/EditorResources/S_KHinge.uasset" 241
"../../../Engine/Content/EditorResources/S_KPrismatic.uasset" 242
"../../../Engine/Content/EditorResources/LightIcons/S_LightError.uasset" 243
"../../../Engine/Content/EditorResources/Spline/T_Loft_Spline.uasset" 244
"../../../Engine/Content/EngineMaterials/BlinkingCaret.uasset" 245
"../../../Engine/Content/EngineMaterials/DefaultNormal.uasset" 246
"../../../Engine/Content/EngineMaterials/Grid_N.uasset" 247
"../../../Engine/Content/EngineMaterials/LandscapeHolePhysicalMaterial.uasset" 248
"../../../Engine/Content/EngineMaterials/PaperDiffuse.uasset" 249
"../../../Engine/Content/EngineMaterials/PaperNormal.uasset" 250
"../../../Engine/Content/EngineMaterials/PhysMat_Rubber.uasset" 251
"../../../Engine/Content/EngineFonts/SmallFont.uasset" 252
"../../../Engine/Content/EngineFonts/TinyFont.uasset" 253
"../../../Engine/Content/EngineResources/StreamingPauseIcon.uasset" 254
"../../../Engine/Content/EngineResources/M_StreamingPause.uasset" 255
"../../../Engine/Content/EditorLandscapeResources/DefaultAlphaTexture.uasset" 256
"../../../PrinceOfUnreal/Content/Props/Textures/Dungeon/_Back_pillar_border2.uasset" 257
"../../../PrinceOfUnreal/Content/Props/Sprites/Dungeon/_Back_pillar_border2_Sprite.uasset" 258
"../../../Engine/Content/BasicShapes/Sphere.uasset" 259
"../../../Engine/Content/BasicShapes/Cylinder.uasset" 260
"../../../Engine/Content/BasicShapes/Cone.uasset" 261
"../../../Engine/Content/EditorBlueprintResources/ActorMacros.uasset" 262
"../../../Engine/Content/Tutorial/BlueprintTutorials/TutorialAssets/Tutorial_BP_MacroLib.uasset" 263
"../../../Engine/Content/ArtTools/RenderToTexture/Enums/EFloatTypes.uasset" 264
"../../../Engine/Content/ArtTools/RenderToTexture/Macros/RenderToTextureMacros.uasset" 265
"../../../PrinceOfUnreal/Content/Blueprints/CrackTypes.uasset" 266
"../../../PrinceOfUnreal/Content/Blueprints/DepthLevels.uasset" 267
"../../../Engine/Content/ArtTools/RenderToTexture/Enums/RenderToTexture_Enum.uasset" 268
"../../../Engine/Content/ArtTools/RenderToTexture/Enums/RenderToTexture_Flipbook_Enum.uasset" 269
"../../../Engine/Content/ArtTools/RenderToTexture/Enums/RenderToTexture_Imposter_Enum.uasset" 270
"../../../Engine/Content/EditorMaterials/GridMaterial.uasset" 271
"../../../Engine/Content/EditorMeshes/PhAT_FloorBox.uasset" 272
"../../../Engine/Content/EditorMaterials/AntialiasedGridFloor.uasset" 273
"../../../Engine/Content/EditorResources/TilePatine_D.uasset" 274
"../../../Engine/Content/EditorResources/TilePatine_N.uasset" 275
"../../../Engine/Content/EditorMaterials/PersonaFloorMat.uasset" 276
"../../../Engine/Content/MobileResources/T_MobileControls_texture.uasset" 277
"../../../Engine/Content/MobileResources/HUD/AnalogHat.uasset" 278
"../../../Engine/Content/MobileResources/HUD/MobileHUDButton1_off.uasset" 279
"../../../Engine/Content/MobileResources/HUD/MobileHUDDirectionPad2.uasset" 280
"../../../Engine/Content/MobileResources/HUD/MobileHUDButton2_on.uasset" 281
"../../../Engine/Content/MobileResources/HUD/T_Castle_ThumbstickOutter.uasset" 282
"../../../Engine/Content/MobileResources/T_MobileMenu2.uasset" 283
"../../../Engine/Content/MobileResources/HUD/MobileHUDButton2_off.uasset" 284
"../../../Engine/Content/MobileResources/HUD/MobileHUDButtonFire.uasset" 285
"../../../Engine/Content/MobileResources/HUD/MobileHUDDirectionStick.uasset" 286
"../../../PrinceOfUnreal/Content/Animations/TextureFrames/Prince/res415.uasset" 287
"../../../PrinceOfUnreal/Content/Animations/SpriteFrames/Prince/res415_Sprite.uasset" 288
"../../../PrinceOfUnreal/Content/Animations/Flipbooks/Prince/PrinceIdleFlipbook.uasset" 289
"../../../PrinceOfUnreal/Content/Animations/TextureFrames/Prince/res465.uasset" 290
"../../../PrinceOfUnreal/Content/Animations/SpriteFrames/Prince/res465_Sprite.uasset" 291
"../../../PrinceOfUnreal/Content/Animations/TextureFrames/Prince/res466.uasset" 292
"../../../PrinceOfUnreal/Content/Animations/SpriteFrames/Prince/res466_Sprite.uasset" 293
"../../../PrinceOfUnreal/Content/Animations/TextureFrames/Prince/res467.uasset" 294
"../../../PrinceOfUnreal/Content/Animations/SpriteFrames/Prince/res467_Sprite.uasset" 295
"../../../PrinceOfUnreal/Content/Animations/TextureFrames/Prince/res468.uasset" 296
"../../../PrinceOfUnreal/Content/Animations/SpriteFrames/Prince/res468_Sprite.uasset" 297
"../../../PrinceOfUnreal/Content/Animations/Flipbooks/Prince/PrinceRunningEndFlipbook.uasset" 298
"../../../PrinceOfUnreal/Content/Animations/TextureFrames/Prince/res407.uasset" 299
"../../../PrinceOfUnreal/Content/Animations/SpriteFrames/Prince/res407_Sprite.uasset" 300
"../../../PrinceOfUnreal/Content/Animations/TextureFrames/Prince/res408.uasset" 301
"../../../PrinceOfUnreal/Content/Animations/SpriteFrames/Prince/res408_Sprite.uasset" 302
"../../../PrinceOfUnreal/Content/Animations/TextureFrames/Prince/res409.uasset" 303
"../../../PrinceOfUnreal/Content/Animations/SpriteFrames/Prince/res409_Sprite.uasset" 304
"../../../PrinceOfUnreal/Content/Animations/TextureFrames/Prince/res410.uasset" 305
"../../../PrinceOfUnreal/Content/Animations/SpriteFrames/Prince/res410_Sprite.uasset" 306
"../../../PrinceOfUnreal/Content/Animations/TextureFrames/Prince/res411.uasset" 307
"../../../PrinceOfUnreal/Content/Animations/SpriteFrames/Prince/res411_Sprite.uasset" 308
"../../../PrinceOfUnreal/Content/Animations/TextureFrames/Prince/res412.uasset" 309
"../../../PrinceOfUnreal/Content/Animations/SpriteFrames/Prince/res412_Sprite.uasset" 310
"../../../PrinceOfUnreal/Content/Animations/TextureFrames/Prince/res413.uasset" 311
"../../../PrinceOfUnreal/Content/Animations/SpriteFrames/Prince/res413_Sprite.uasset" 312
"../../../PrinceOfUnreal/Content/Animations/TextureFrames/Prince/res414.uasset" 313
"../../../PrinceOfUnreal/Content/Animations/SpriteFrames/Prince/res414_Sprite.uasset" 314
"../../../PrinceOfUnreal/Content/Animations/Flipbooks/Prince/PrinceRunningFlipbook.uasset" 315
"../../../PrinceOfUnreal/Content/Animations/TextureFrames/Prince/res401.uasset" 316
"../../../PrinceOfUnreal/Content/Animations/SpriteFrames/Prince/res401_Sprite.uasset" 317
"../../../PrinceOfUnreal/Content/Animations/TextureFrames/Prince/res402.uasset" 318
"../../../PrinceOfUnreal/Content/Animations/SpriteFrames/Prince/res402_Sprite.uasset" 319
"../../../PrinceOfUnreal/Content/Animations/TextureFrames/Prince/res403.uasset" 320
"../../../PrinceOfUnreal/Content/Animations/SpriteFrames/Prince/res403_Sprite.uasset" 321
"../../../PrinceOfUnreal/Content/Animations/TextureFrames/Prince/res404.uasset" 322
"../../../PrinceOfUnreal/Content/Animations/SpriteFrames/Prince/res404_Sprite.uasset" 323
"../../../PrinceOfUnreal/Content/Animations/TextureFrames/Prince/res405.uasset" 324
"../../../PrinceOfUnreal/Content/Animations/SpriteFrames/Prince/res405_Sprite.uasset" 325
"../../../PrinceOfUnreal/Content/Animations/TextureFrames/Prince/res406.uasset" 326
"../../../PrinceOfUnreal/Content/Animations/SpriteFrames/Prince/res406_Sprite.uasset" 327
"../../../PrinceOfUnreal/Content/Animations/Flipbooks/Prince/PrinceRunningStartFlipbook.uasset" 328
"../../../PrinceOfUnreal/Content/Animations/TextureFrames/Prince/res445.uasset" 329
"../../../PrinceOfUnreal/Content/Animations/SpriteFrames/Prince/res445_Sprite.uasset" 330
"../../../PrinceOfUnreal/Content/Animations/TextureFrames/Prince/res446.uasset" 331
"../../../PrinceOfUnreal/Content/Animations/SpriteFrames/Prince/res446_Sprite.uasset" 332
"../../../PrinceOfUnreal/Content/Animations/TextureFrames/Prince/res447.uasset" 333
"../../../PrinceOfUnreal/Content/Animations/SpriteFrames/Prince/res447_Sprite.uasset" 334
"../../../PrinceOfUnreal/Content/Animations/TextureFrames/Prince/res448.uasset" 335
"../../../PrinceOfUnreal/Content/Animations/SpriteFrames/Prince/res448_Sprite.uasset" 336
"../../../PrinceOfUnreal/Content/Animations/TextureFrames/Prince/res449.uasset" 337
"../../../PrinceOfUnreal/Content/Animations/SpriteFrames/Prince/res449_Sprite.uasset" 338
"../../../PrinceOfUnreal/Content/Animations/TextureFrames/Prince/res450.uasset" 339
"../../../PrinceOfUnreal/Content/Animations/SpriteFrames/Prince/res450_Sprite.uasset" 340
"../../../PrinceOfUnreal/Content/Animations/TextureFrames/Prince/res451.uasset" 341
"../../../PrinceOfUnreal/Content/Animations/SpriteFrames/Prince/res451_Sprite.uasset" 342
"../../../PrinceOfUnreal/Content/Animations/TextureFrames/Prince/res452.uasset" 343
"../../../PrinceOfUnreal/Content/Animations/SpriteFrames/Prince/res452_Sprite.uasset" 344
"../../../PrinceOfUnreal/Content/Animations/Flipbooks/Prince/PrinceTurnBackFlipbook.uasset" 345
"../../../PrinceOfUnreal/Content/Animations/TextureFrames/Prince/res469.uasset" 346
"../../../PrinceOfUnreal/Content/Animations/SpriteFrames/Prince/res469_Sprite.uasset" 347
"../../../PrinceOfUnreal/Content/Animations/TextureFrames/Prince/res470.uasset" 348
"../../../PrinceOfUnreal/Content/Animations/SpriteFrames/Prince/res470_Sprite.uasset" 349
"../../../PrinceOfUnreal/Content/Animations/TextureFrames/Prince/res471.uasset" 350
"../../../PrinceOfUnreal/Content/Animations/SpriteFrames/Prince/res471_Sprite.uasset" 351
"../../../PrinceOfUnreal/Content/Animations/TextureFrames/Prince/res472.uasset" 352
"../../../PrinceOfUnreal/Content/Animations/SpriteFrames/Prince/res472_Sprite.uasset" 353
"../../../PrinceOfUnreal/Content/Animations/TextureFrames/Prince/res473.uasset" 354
"../../../PrinceOfUnreal/Content/Animations/SpriteFrames/Prince/res473_Sprite.uasset" 355
"../../../PrinceOfUnreal/Content/Animations/TextureFrames/Prince/res474.uasset" 356
"../../../PrinceOfUnreal/Content/Animations/SpriteFrames/Prince/res474_Sprite.uasset" 357
"../../../PrinceOfUnreal/Content/Animations/TextureFrames/Prince/res475.uasset" 358
"../../../PrinceOfUnreal/Content/Animations/SpriteFrames/Prince/res475_Sprite.uasset" 359
"../../../PrinceOfUnreal/Content/Animations/TextureFrames/Prince/res476.uasset" 360
"../../../PrinceOfUnreal/Content/Animations/SpriteFrames/Prince/res476_Sprite.uasset" 361
"../../../PrinceOfUnreal/Content/Animations/TextureFrames/Prince/res477.uasset" 362
"../../../PrinceOfUnreal/Content/Animations/SpriteFrames/Prince/res477_Sprite.uasset" 363
"../../../PrinceOfUnreal/Content/Animations/Flipbooks/Prince/PrinceTurnBackRunningFlipbook.uasset" 364
"../../../PrinceOfUnreal/Content/Blueprints/PrinceStates.uasset" 365
"../../../PrinceOfUnreal/Content/Characters/PrinceCharacter.uasset" 366
"../../../PrinceOfUnreal/Content/Blueprints/PrinceGameMode.uasset" 367
"../../../Engine/Content/MobileResources/HUD/VirtualJoystick_Background.uasset" 368
"../../../Engine/Content/MobileResources/HUD/VirtualJoystick_Thumb.uasset" 369
"../../../Engine/Content/MobileResources/HUD/DefaultVirtualJoysticks.uasset" 370
"../../../Engine/Content/MobileResources/HUD/LeftVirtualJoystickOnly.uasset" 371
"../../../Engine/Content/MobileResources/HUD/MobileHUDButton1_on.uasset" 372
"../../../Engine/Content/MobileResources/HUD/MobileHUDButton3.uasset" 373
"../../../Engine/Content/MobileResources/HUD/MobileHUDDirectionPad.uasset" 374
"../../../Engine/Content/MobileResources/HUD/MobileHUDDirectionPad3.uasset" 375
"../../../Engine/Content/MobileResources/HUD/T_Castle_ThumbstickInner.uasset" 376
